<?xml version="1.0" encoding="UTF-8"?>
<!-- Generated by org.testng.reporters.JUnitReportReporter -->
<testsuite hostname="DESKTOP-TMDKBPI" failures="0" tests="3" name="com.indigo.mainscript.TestOne" time="99.992" errors="0" timestamp="2020-04-14T21:58:45 CDT" skipped="1">
  <testcase classname="com.indigo.mainscript.TestOne" name="flightPrice_1" time="46.250"/>
  <system-out/>
  <testcase classname="com.indigo.mainscript.TestOne" name="flightPrice_2" time="53.742"/>
  <system-out/>
  <testcase classname="com.indigo.mainscript.TestOne" name="Testtwo">
    <skipped/>
  </testcase> <!-- Testtwo -->
  <system-out/>
</testsuite> <!-- com.indigo.mainscript.TestOne -->
