<?xml version="1.0" encoding="UTF-8"?>
<!-- Generated by org.testng.reporters.JUnitReportReporter -->
<testsuite hostname="DESKTOP-TMDKBPI" failures="0" tests="3" name="com.indigo.mainscript.TestOne" time="74.307" errors="0" timestamp="2020-04-15T22:42:27 CDT" skipped="1">
  <testcase classname="com.indigo.mainscript.TestOne" name="flightPrice_2" time="36.816"/>
  <system-out/>
  <testcase classname="com.indigo.mainscript.TestOne" name="flightPrice_1" time="37.491"/>
  <system-out/>
  <testcase classname="com.indigo.mainscript.TestOne" name="Testtwo">
    <skipped/>
  </testcase> <!-- Testtwo -->
  <system-out/>
</testsuite> <!-- com.indigo.mainscript.TestOne -->
