<?xml version="1.0" encoding="UTF-8"?>
<!-- Generated by org.testng.reporters.JUnitReportReporter -->
<testsuite hostname="DESKTOP-TMDKBPI" failures="0" tests="3" name="com.indigo.mainscript.TestOne" time="72.367" errors="0" timestamp="16 Apr 2020 01:17:20 GMT" skipped="1">
  <testcase classname="com.indigo.mainscript.TestOne" name="flightPrice_2" time="35.657"/>
  <testcase classname="com.indigo.mainscript.TestOne" name="flightPrice_1" time="36.710"/>
  <testcase classname="com.indigo.mainscript.TestOne" name="Testtwo">
    <skipped/>
  </testcase> <!-- Testtwo -->
</testsuite> <!-- com.indigo.mainscript.TestOne -->
